mode: atomic
unit-test/internal/handlers/sample/handler.go:30.70,31.16 1 3
unit-test/internal/handlers/sample/handler.go:31.16,33.3 1 1
unit-test/internal/handlers/sample/handler.go:35.2,36.16 2 2
unit-test/internal/handlers/sample/handler.go:36.16,38.3 1 0
unit-test/internal/handlers/sample/handler.go:40.2,49.16 2 2
unit-test/internal/handlers/sample/handler.go:49.16,51.3 1 1
unit-test/internal/handlers/sample/handler.go:52.2,52.18 1 1
unit-test/internal/handlers/sample/handler.go:56.25,56.38 1 2
